# vsim wom_tb -c -do "run -all;exit" -l wom.log 
# Start time: 15:11:24 on Feb 28,2024
# ** Note: (vsim-3812) Design is being optimized...
# //  Questa Sim-64
# //  Version 10.7c win64 Aug 18 2018
# //
# //  Copyright 1991-2018 Mentor Graphics Corporation
# //  All Rights Reserved.
# //
# //  QuestaSim and its associated documentation contain trade
# //  secrets and commercial or financial information that are the property of
# //  Mentor Graphics Corporation and are privileged, confidential,
# //  and exempt from disclosure under the Freedom of Information Act,
# //  5 U.S.C. Section 552. Furthermore, this information
# //  is prohibited from disclosure under the Trade Secrets Act,
# //  18 U.S.C. Section 1905.
# //
# Loading work.wom_tb(fast)
# run -all
# Write Only Memory test PASSED!!!
# Write Only Memory test PASSED!!!
# ** Note: $finish    : wom_tb.v(24)
#    Time: 40 ns  Iteration: 0  Instance: /wom_tb
# End time: 15:11:27 on Feb 28,2024, Elapsed time: 0:00:03
# Errors: 0, Warnings: 0
