Time resolution is 1 ps
count is  0,reset=1,up_dwn=1,time is                    0
count is  0,reset=0,up_dwn=1,time is                10000
count is  1,reset=0,up_dwn=1,time is                15000
count is 15,reset=1,up_dwn=0,time is                20000
count is 15,reset=0,up_dwn=0,time is                70000
count is 14,reset=0,up_dwn=0,time is                75000
count is 13,reset=0,up_dwn=0,time is                85000
count is 12,reset=0,up_dwn=0,time is                95000
count is 11,reset=0,up_dwn=0,time is               105000
count is 10,reset=0,up_dwn=0,time is               115000
count is  9,reset=0,up_dwn=0,time is               125000
count is  8,reset=0,up_dwn=0,time is               135000
count is  7,reset=0,up_dwn=0,time is               145000
count is  6,reset=0,up_dwn=0,time is               155000
count is  5,reset=0,up_dwn=0,time is               165000
count is  4,reset=0,up_dwn=0,time is               175000
count is 15,reset=0,up_dwn=0,time is               185000
count is 14,reset=0,up_dwn=0,time is               195000
count is 13,reset=0,up_dwn=0,time is               205000
count is 12,reset=0,up_dwn=0,time is               215000
count is 15,reset=1,up_dwn=0,time is               220000
count is 15,reset=0,up_dwn=1,time is               230000
count is  0,reset=0,up_dwn=1,time is               235000
count is  1,reset=0,up_dwn=1,time is               245000
count is  2,reset=0,up_dwn=1,time is               255000
count is  3,reset=0,up_dwn=1,time is               265000
count is  4,reset=0,up_dwn=1,time is               275000
count is  5,reset=0,up_dwn=1,time is               285000
count is  6,reset=0,up_dwn=1,time is               295000
count is  7,reset=0,up_dwn=1,time is               305000
count is  8,reset=0,up_dwn=1,time is               315000
count is  9,reset=0,up_dwn=1,time is               325000
count is 10,reset=0,up_dwn=1,time is               335000
count is 11,reset=0,up_dwn=1,time is               345000
count is  0,reset=0,up_dwn=1,time is               355000
count is  1,reset=0,up_dwn=1,time is               365000
count is  2,reset=0,up_dwn=1,time is               375000
count is  2,reset=0,up_dwn=0,time is               380000
count is  1,reset=0,up_dwn=0,time is               385000
count is  1,reset=0,up_dwn=1,time is               390000
count is  2,reset=0,up_dwn=1,time is               395000
count is  3,reset=0,up_dwn=1,time is               405000
count is  4,reset=0,up_dwn=1,time is               415000
count is  5,reset=0,up_dwn=1,time is               425000
count is  6,reset=0,up_dwn=1,time is               435000
$finish called at time : 440 ns : File "E:/indicus_material/verilog_at_indicus/updown_counter/tb/tb.v" Line 61
