# vsim -vopt -coverage rr_tb -suppress 12110 "+priority" "+S0" "+S1" "+S2" "+S3" "+reset_on_fly" -c -do "coverage save -onexit -directive -cvg -codeall round.ucdb; run -all ; exit" -l regress.log 
# Start time: 17:23:51 on Mar 20,2024
# ** Note: (vsim-8009) Loading existing optimized design _opt3
# //  Questa Sim-64
# //  Version 10.7c win64 Aug 18 2018
# //
# //  Copyright 1991-2018 Mentor Graphics Corporation
# //  All Rights Reserved.
# //
# //  QuestaSim and its associated documentation contain trade
# //  secrets and commercial or financial information that are the property of
# //  Mentor Graphics Corporation and are privileged, confidential,
# //  and exempt from disclosure under the Freedom of Information Act,
# //  5 U.S.C. Section 552. Furthermore, this information
# //  is prohibited from disclosure under the Trade Secrets Act,
# //  18 U.S.C. Section 1905.
# //
# Loading work.rr_tb(fast)
# Loading work.round_robin(fast)
# coverage save -onexit -directive -cvg -codeall round.ucdb
#  run -all 
# test is PASSED!!                    1 grant_exp= 0 grant= 0
# test is PASSED!!                   21 grant_exp= 8 grant= 8
# test is PASSED!!                   61 grant_exp= 2 grant= 2
# test is PASSED!!                  101 grant_exp= 4 grant= 4
# test is PASSED!!                  141 grant_exp= 8 grant= 8
# test is PASSED!!                  181 grant_exp= 4 grant= 4
# test is PASSED!!                  221 grant_exp= 8 grant= 8
# test FAILED                     311  grant_exp= 8 grant= 1
# test is PASSED!!                  341 grant_exp= 1 grant= 1
# test FAILED                     351  grant_exp= 1 grant= 4
# test is PASSED!!                  381 grant_exp= 4 grant= 4
# test FAILED                     391  grant_exp= 4 grant= 1
# test FAILED                     421  grant_exp= 8 grant= 1
# test is PASSED!!                  431 grant_exp= 8 grant= 8
# test FAILED                     461  grant_exp= 1 grant= 8
# test is PASSED!!                  471 grant_exp= 1 grant= 1
# test FAILED                     501  grant_exp= 2 grant= 1
# test is PASSED!!                  511 grant_exp= 2 grant= 2
# test FAILED                     541  grant_exp= 1 grant= 2
# test is PASSED!!                  551 grant_exp= 1 grant= 1
# test FAILED                     611  grant_exp= 1 grant= 2
# test is PASSED!!                  621 grant_exp= 2 grant= 2
# test FAILED                     651  grant_exp= 2 grant= 4
# test is PASSED!!                  661 grant_exp= 4 grant= 4
# test FAILED                     691  grant_exp= 4 grant= 2
# test is PASSED!!                  701 grant_exp= 2 grant= 2
# test FAILED                     731  grant_exp= 2 grant= 8
# test is PASSED!!                  741 grant_exp= 8 grant= 8
# test FAILED                     771  grant_exp= 8 grant= 2
# test is PASSED!!                  781 grant_exp= 2 grant= 2
# test FAILED                     811  grant_exp= 2 grant= 1
# test is PASSED!!                  821 grant_exp= 1 grant= 1
# test FAILED                     851  grant_exp= 1 grant= 2
# test is PASSED!!                  861 grant_exp= 2 grant= 2
# test FAILED                     911  grant_exp= 2 grant= 4
# test is PASSED!!                  941 grant_exp= 4 grant= 4
# test FAILED                     951  grant_exp= 4 grant= 8
# test is PASSED!!                  981 grant_exp= 8 grant= 8
# test FAILED                     991  grant_exp= 8 grant= 4
# test is PASSED!!                 1021 grant_exp= 4 grant= 4
# test FAILED                    1031  grant_exp= 4 grant= 1
# test is PASSED!!                 1061 grant_exp= 1 grant= 1
# test FAILED                    1071  grant_exp= 1 grant= 4
# test is PASSED!!                 1101 grant_exp= 2 grant= 2
# test is PASSED!!                 1141 grant_exp= 4 grant= 4
# test FAILED                    1201  grant_exp= 4 grant= 8
# test is PASSED!!                 1221 grant_exp= 8 grant= 8
# test FAILED                    1231  grant_exp= 8 grant= 1
# test is PASSED!!                 1261 grant_exp= 1 grant= 1
# test FAILED                    1271  grant_exp= 1 grant= 8
# test is PASSED!!                 1301 grant_exp= 2 grant= 2
# test is PASSED!!                 1341 grant_exp= 8 grant= 8
# test FAILED                    1371  grant_exp= 8 grant= 4
# test is PASSED!!                 1381 grant_exp= 4 grant= 4
# test FAILED                    1411  grant_exp= 4 grant= 8
# test is PASSED!!                 1421 grant_exp= 8 grant= 8
# test FAILED                    1501  grant_exp= 2 grant= 8
# test is PASSED!!                 1531 grant_exp= 2 grant= 2
# test FAILED                    1541  grant_exp= 8 grant= 2
# test FAILED                    1546  grant_exp= 8 grant= 0
# test FAILED                    1561  grant_exp= 8 grant= 2
# test is PASSED!!                 1581 grant_exp= 2 grant= 2
# ** Note: $finish    : rr_tb.v(202)
#    Time: 1585 ns  Iteration: 1  Instance: /rr_tb
# Saving coverage database on exit...
# End time: 17:23:53 on Mar 20,2024, Elapsed time: 0:00:02
# Errors: 0, Warnings: 0
